# JRE version: Java(TM) SE Runtime Environment (8.0_101-b13) (build 1.8.0_101-b13)
# Java VM: Java HotSpot(TM) 64-Bit Server VM (25.101-b13 mixed mode linux-amd64 compressed oops)
Heap:
 PSYoungGen      total 620032K, used 137851K [0x00000000d6e00000, 0x00000000ff080000, 0x0000000100000000)
  eden space 613376K, 21% used [0x00000000d6e00000,0x00000000dee910f0,0x00000000fc500000)
  from space 6656K, 93% used [0x00000000fe200000,0x00000000fe80dd80,0x00000000fe880000)
  to   space 8192K, 0% used [0x00000000fe880000,0x00000000fe880000,0x00000000ff080000)
 ParOldGen       total 63488K, used 8966K [0x0000000084a00000, 0x0000000088800000, 0x00000000d6e00000)
  object space 63488K, 14% used [0x0000000084a00000,0x00000000852c1b08,0x0000000088800000)
 Metaspace       used 32944K, capacity 33348K, committed 33664K, reserved 1079296K
  class space    used 3703K, capacity 3846K, committed 3968K, reserved 1048576K
GC Heap History (10 events):
Event: 1136.069 GC heap before
{Heap before GC invocations=17 (full 2):
 PSYoungGen      total 655360K, used 639296K [0x00000000d6e00000, 0x00000000fff00000, 0x0000000100000000)
  eden space 638976K, 100% used [0x00000000d6e00000,0x00000000fde00000,0x00000000fde00000)
  from space 16384K, 1% used [0x00000000fef00000,0x00000000fef50000,0x00000000fff00000)
  to   space 16896K, 0% used [0x00000000fde00000,0x00000000fde00000,0x00000000fee80000)
 ParOldGen       total 63488K, used 8894K [0x0000000084a00000, 0x0000000088800000, 0x00000000d6e00000)
  object space 63488K, 14% used [0x0000000084a00000,0x00000000852afb08,0x0000000088800000)
 Metaspace       used 31552K, capacity 31862K, committed 32256K, reserved 1077248K
  class space    used 3638K, capacity 3737K, committed 3840K, reserved 1048576K
Event: 1136.076 GC heap after
Heap after GC invocations=17 (full 2):
 PSYoungGen      total 655872K, used 416K [0x00000000d6e00000, 0x00000000fff80000, 0x0000000100000000)
  eden space 638976K, 0% used [0x00000000d6e00000,0x00000000d6e00000,0x00000000fde00000)
  from space 16896K, 2% used [0x00000000fde00000,0x00000000fde68000,0x00000000fee80000)
  to   space 16384K, 0% used [0x00000000fef80000,0x00000000fef80000,0x00000000fff80000)
 ParOldGen       total 63488K, used 8902K [0x0000000084a00000, 0x0000000088800000, 0x00000000d6e00000)
  object space 63488K, 14% used [0x0000000084a00000,0x00000000852b1b08,0x0000000088800000)
 Metaspace       used 31552K, capacity 31862K, committed 32256K, reserved 1077248K
  class space    used 3638K, capacity 3737K, committed 3840K, reserved 1048576K
}
Event: 1139.874 GC heap before
{Heap before GC invocations=18 (full 2):
 PSYoungGen      total 655872K, used 639392K [0x00000000d6e00000, 0x00000000fff80000, 0x0000000100000000)
  eden space 638976K, 100% used [0x00000000d6e00000,0x00000000fde00000,0x00000000fde00000)
  from space 16896K, 2% used [0x00000000fde00000,0x00000000fde68000,0x00000000fee80000)
  to   space 16384K, 0% used [0x00000000fef80000,0x00000000fef80000,0x00000000fff80000)
 ParOldGen       total 63488K, used 8902K [0x0000000084a00000, 0x0000000088800000, 0x00000000d6e00000)
  object space 63488K, 14% used [0x0000000084a00000,0x00000000852b1b08,0x0000000088800000)
 Metaspace       used 31553K, capacity 31862K, committed 32256K, reserved 1077248K
  class space    used 3638K, capacity 3737K, committed 3840K, reserved 1048576K
Event: 1139.875 GC heap after
Heap after GC invocations=18 (full 2):
 PSYoungGen      total 655872K, used 320K [0x00000000d6e00000, 0x00000000ffe80000, 0x0000000100000000)
  eden space 640512K, 0% used [0x00000000d6e00000,0x00000000d6e00000,0x00000000fdf80000)
  from space 15360K, 2% used [0x00000000fef80000,0x00000000fefd0000,0x00000000ffe80000)
  to   space 15872K, 0% used [0x00000000fdf80000,0x00000000fdf80000,0x00000000fef00000)
 ParOldGen       total 63488K, used 8958K [0x0000000084a00000, 0x0000000088800000, 0x00000000d6e00000)
  object space 63488K, 14% used [0x0000000084a00000,0x00000000852bfb08,0x0000000088800000)
 Metaspace       used 31553K, capacity 31862K, committed 32256K, reserved 1077248K
  class space    used 3638K, capacity 3737K, committed 3840K, reserved 1048576K
}
Event: 1144.707 GC heap before
{Heap before GC invocations=19 (full 2):
 PSYoungGen      total 655872K, used 640832K [0x00000000d6e00000, 0x00000000ffe80000, 0x0000000100000000)
  eden space 640512K, 100% used [0x00000000d6e00000,0x00000000fdf80000,0x00000000fdf80000)
  from space 15360K, 2% used [0x00000000fef80000,0x00000000fefd0000,0x00000000ffe80000)
  to   space 15872K, 0% used [0x00000000fdf80000,0x00000000fdf80000,0x00000000fef00000)
 ParOldGen       total 63488K, used 8958K [0x0000000084a00000, 0x0000000088800000, 0x00000000d6e00000)
  object space 63488K, 14% used [0x0000000084a00000,0x00000000852bfb08,0x0000000088800000)
 Metaspace       used 31555K, capacity 31862K, committed 32256K, reserved 1077248K
  class space    used 3638K, capacity 3737K, committed 3840K, reserved 1048576K
Event: 1144.709 GC heap after
Heap after GC invocations=19 (full 2):
 PSYoungGen      total 656384K, used 384K [0x00000000d6e00000, 0x00000000ffe80000, 0x0000000100000000)
  eden space 640512K, 0% used [0x00000000d6e00000,0x00000000d6e00000,0x00000000fdf80000)
  from space 15872K, 2% used [0x00000000fdf80000,0x00000000fdfe0000,0x00000000fef00000)
  to   space 14848K, 0% used [0x00000000ff000000,0x00000000ff000000,0x00000000ffe80000)
 ParOldGen       total 63488K, used 8958K [0x0000000084a00000, 0x0000000088800000, 0x00000000d6e00000)
  object space 63488K, 14% used [0x0000000084a00000,0x00000000852bfb08,0x0000000088800000)
 Metaspace       used 31555K, capacity 31862K, committed 32256K, reserved 1077248K
  class space    used 3638K, capacity 3737K, committed 3840K, reserved 1048576K
}
Event: 1149.239 GC heap before
{Heap before GC invocations=20 (full 2):
 PSYoungGen      total 656384K, used 640896K [0x00000000d6e00000, 0x00000000ffe80000, 0x0000000100000000)
  eden space 640512K, 100% used [0x00000000d6e00000,0x00000000fdf80000,0x00000000fdf80000)
  from space 15872K, 2% used [0x00000000fdf80000,0x00000000fdfe0000,0x00000000fef00000)
  to   space 14848K, 0% used [0x00000000ff000000,0x00000000ff000000,0x00000000ffe80000)
 ParOldGen       total 63488K, used 8958K [0x0000000084a00000, 0x0000000088800000, 0x00000000d6e00000)
  object space 63488K, 14% used [0x0000000084a00000,0x00000000852bfb08,0x0000000088800000)
 Metaspace       used 31555K, capacity 31862K, committed 32256K, reserved 1077248K
  class space    used 3638K, capacity 3737K, committed 3840K, reserved 1048576K
Event: 1149.241 GC heap after
Heap after GC invocations=20 (full 2):
 PSYoungGen      total 657408K, used 416K [0x00000000d6e00000, 0x00000000ffe00000, 0x0000000100000000)
  eden space 643072K, 0% used [0x00000000d6e00000,0x00000000d6e00000,0x00000000fe200000)
  from space 14336K, 2% used [0x00000000ff000000,0x00000000ff068000,0x00000000ffe00000)
  to   space 14336K, 0% used [0x00000000fe200000,0x00000000fe200000,0x00000000ff000000)
 ParOldGen       total 63488K, used 8958K [0x0000000084a00000, 0x0000000088800000, 0x00000000d6e00000)
  object space 63488K, 14% used [0x0000000084a00000,0x00000000852bfb08,0x0000000088800000)
 Metaspace       used 31555K, capacity 31862K, committed 32256K, reserved 1077248K
  class space    used 3638K, capacity 3737K, committed 3840K, reserved 1048576K
}
Event: 4430.124 GC heap before
{Heap before GC invocations=21 (full 2):
 PSYoungGen      total 657408K, used 643488K [0x00000000d6e00000, 0x00000000ffe00000, 0x0000000100000000)
  eden space 643072K, 100% used [0x00000000d6e00000,0x00000000fe200000,0x00000000fe200000)
  from space 14336K, 2% used [0x00000000ff000000,0x00000000ff068000,0x00000000ffe00000)
  to   space 14336K, 0% used [0x00000000fe200000,0x00000000fe200000,0x00000000ff000000)
 ParOldGen       total 63488K, used 8958K [0x0000000084a00000, 0x0000000088800000, 0x00000000d6e00000)
  object space 63488K, 14% used [0x0000000084a00000,0x00000000852bfb08,0x0000000088800000)
 Metaspace       used 32546K, capacity 32974K, committed 33024K, reserved 1079296K
  class space    used 3697K, capacity 3837K, committed 3840K, reserved 1048576K
Event: 4430.157 GC heap after
Heap after GC invocations=21 (full 2):
 PSYoungGen      total 620032K, used 6199K [0x00000000d6e00000, 0x00000000ff080000, 0x0000000100000000)
  eden space 613376K, 0% used [0x00000000d6e00000,0x00000000d6e00000,0x00000000fc500000)
  from space 6656K, 93% used [0x00000000fe200000,0x00000000fe80dd80,0x00000000fe880000)
  to   space 8192K, 0% used [0x00000000fe880000,0x00000000fe880000,0x00000000ff080000)
 ParOldGen       total 63488K, used 8966K [0x0000000084a00000, 0x0000000088800000, 0x00000000d6e00000)
  object space 63488K, 14% used [0x0000000084a00000,0x00000000852c1b08,0x0000000088800000)
 Metaspace       used 32546K, capacity 32974K, committed 33024K, reserved 1079296K
  class space    used 3697K, capacity 3837K, committed 3840K, reserved 1048576K
}

